# sending first trade

xtb-7fbf86d5f7-wp4x9 xtb time="2020-06-14T15:54:24Z" level=debug msg="writing {\"command\":\"tradeTransaction\",\"arguments\":{\"tradeTransInfo\":{\"order\":0,\"price\":1.4,\"symbol\":\"BITCOIN\",\"type\":0,\"volume\":0.1}}}" address="wss://ws.xapi.pro/demo" data="{\"command\":\"tradeTransaction\",\"arguments\":{\"tradeTransInfo\":{\"order\":0,\"price\":1.4,\"symbol\":\"BITCOIN\",\"type\":0,\"volume\":0.1}}}"
xtb-7fbf86d5f7-wp4x9 xtb time="2020-06-14T15:54:24Z" level=debug msg="received message" address="wss://ws.xapi.pro/demo" message="{\"status\":true,\"returnData\":{\"order\":207262653}}"
xtb-7fbf86d5f7-wp4x9 xtb time="2020-06-14T15:54:24Z" level=debug msg="received data: {\"status\":true,\"returnData\":{\"order\":207262653}}" client=tx
xtb-7fbf86d5f7-wp4x9 xtb time="2020-06-14T15:54:24Z" level=debug msg="received message" address="wss://ws.xapi.pro/demoStream" message="{\"command\":\"tradeStatus\",\"data\":{\"order\":207262653,\"requestStatus\":1,\"message\":\"Request has a pending state\",\"customComment\":null,\"price\":0.0}}"
xtb-7fbf86d5f7-wp4x9 xtb time="2020-06-14T15:54:24Z" level=debug msg="received message" address="wss://ws.xapi.pro/demoStream" message="{\"command\":\"tradeStatus\",\"data\":{\"order\":207262653,\"requestStatus\":3,\"message\":null,\"customComment\":null,\"price\":1.40000}}"

# sending second trade

xtb-7fbf86d5f7-wp4x9 xtb time="2020-06-14T15:55:11Z" level=debug msg="writing {\"command\":\"tradeTransaction\",\"arguments\":{\"tradeTransInfo\":{\"order\":0,\"price\":1.4,\"symbol\":\"BITCOIN\",\"type\":0,\"volume\":0.1}}}" address="wss://ws.xapi.pro/demo" data="{\"command\":\"tradeTransaction\",\"arguments\":{\"tradeTransInfo\":{\"order\":0,\"price\":1.4,\"symbol\":\"BITCOIN\",\"type\":0,\"volume\":0.1}}}"
xtb-7fbf86d5f7-wp4x9 xtb time="2020-06-14T15:55:11Z" level=debug msg="received message" address="wss://ws.xapi.pro/demoStream" message="{\"command\":\"tradeStatus\",\"data\":{\"order\":207262676,\"requestStatus\":1,\"message\":\"Request has a pending state\",\"customComment\":null,\"price\":0.0}}"
xtb-7fbf86d5f7-wp4x9 xtb time="2020-06-14T15:55:11Z" level=debug msg="received message" address="wss://ws.xapi.pro/demo" message="{\"status\":true,\"returnData\":{\"order\":207262676}}"
xtb-7fbf86d5f7-wp4x9 xtb time="2020-06-14T15:55:11Z" level=debug msg="received data: {\"status\":true,\"returnData\":{\"order\":207262676}}" client=tx
xtb-7fbf86d5f7-wp4x9 xtb time="2020-06-14T15:55:11Z" level=debug msg="received message" address="wss://ws.xapi.pro/demoStream" message="{\"command\":\"tradeStatus\",\"data\":{\"order\":207262676,\"requestStatus\":3,\"message\":null,\"customComment\":null,\"price\":1.40000}}"

# all the orders on the account were closed at this point

xtb-7fbf86d5f7-wp4x9 xtb time="2020-06-14T15:56:52Z" level=debug msg="received message" address="wss://ws.xapi.pro/demoStream" message="{\"command\":\"tradeStatus\",\"data\":{\"order\":207262727,\"requestStatus\":1,\"message\":\"Request has a pending state\",\"customComment\":null,\"price\":0.0}}"
xtb-7fbf86d5f7-wp4x9 xtb time="2020-06-14T15:56:52Z" level=debug msg="received message" address="wss://ws.xapi.pro/demoStream" message="{\"command\":\"tradeStatus\",\"data\":{\"order\":207262728,\"requestStatus\":1,\"message\":\"Request has a pending state\",\"customComment\":null,\"price\":0.0}}"
xtb-7fbf86d5f7-wp4x9 xtb time="2020-06-14T15:56:52Z" level=debug msg="received message" address="wss://ws.xapi.pro/demoStream" message="{\"command\":\"tradeStatus\",\"data\":{\"order\":207262731,\"requestStatus\":1,\"message\":\"Request has a pending state\",\"customComment\":null,\"price\":0.0}}"
xtb-7fbf86d5f7-wp4x9 xtb time="2020-06-14T15:56:52Z" level=debug msg="received message" address="wss://ws.xapi.pro/demoStream" message="{\"command\":\"tradeStatus\",\"data\":{\"order\":207262730,\"requestStatus\":1,\"message\":\"Request has a pending state\",\"customComment\":null,\"price\":0.0}}"
xtb-7fbf86d5f7-wp4x9 xtb time="2020-06-14T15:56:52Z" level=debug msg="received message" address="wss://ws.xapi.pro/demoStream" message="{\"command\":\"tradeStatus\",\"data\":{\"order\":207262729,\"requestStatus\":1,\"message\":\"Request has a pending state\",\"customComment\":null,\"price\":0.0}}"
xtb-7fbf86d5f7-wp4x9 xtb time="2020-06-14T15:56:52Z" level=debug msg="received message" address="wss://ws.xapi.pro/demoStream" message="{\"command\":\"tradeStatus\",\"data\":{\"order\":207262732,\"requestStatus\":1,\"message\":\"Request has a pending state\",\"customComment\":null,\"price\":0.0}}"
xtb-7fbf86d5f7-wp4x9 xtb time="2020-06-14T15:56:52Z" level=debug msg="received message" address="wss://ws.xapi.pro/demoStream" message="{\"command\":\"tradeStatus\",\"data\":{\"order\":207262733,\"requestStatus\":1,\"message\":\"Request has a pending state\",\"customComment\":null,\"price\":0.0}}"
xtb-7fbf86d5f7-wp4x9 xtb time="2020-06-14T15:56:52Z" level=debug msg="received message" address="wss://ws.xapi.pro/demoStream" message="{\"command\":\"tradeStatus\",\"data\":{\"order\":207262727,\"requestStatus\":3,\"message\":null,\"customComment\":null,\"price\":9391.27000}}"
xtb-7fbf86d5f7-wp4x9 xtb time="2020-06-14T15:56:52Z" level=debug msg="received message" address="wss://ws.xapi.pro/demoStream" message="{\"command\":\"tradeStatus\",\"data\":{\"order\":207262728,\"requestStatus\":3,\"message\":null,\"customComment\":null,\"price\":9391.27000}}"
xtb-7fbf86d5f7-wp4x9 xtb time="2020-06-14T15:56:52Z" level=debug msg="received message" address="wss://ws.xapi.pro/demoStream" message="{\"command\":\"tradeStatus\",\"data\":{\"order\":207262729,\"requestStatus\":3,\"message\":null,\"customComment\":null,\"price\":9391.27000}}"
xtb-7fbf86d5f7-wp4x9 xtb time="2020-06-14T15:56:52Z" level=debug msg="received message" address="wss://ws.xapi.pro/demoStream" message="{\"command\":\"tradeStatus\",\"data\":{\"order\":207262730,\"requestStatus\":3,\"message\":null,\"customComment\":null,\"price\":9452.01000}}"
xtb-7fbf86d5f7-wp4x9 xtb time="2020-06-14T15:56:52Z" level=debug msg="received message" address="wss://ws.xapi.pro/demoStream" message="{\"command\":\"tradeStatus\",\"data\":{\"order\":207262731,\"requestStatus\":3,\"message\":null,\"customComment\":null,\"price\":9391.27000}}"
xtb-7fbf86d5f7-wp4x9 xtb time="2020-06-14T15:56:52Z" level=debug msg="received message" address="wss://ws.xapi.pro/demoStream" message="{\"command\":\"tradeStatus\",\"data\":{\"order\":207262732,\"requestStatus\":3,\"message\":null,\"customComment\":null,\"price\":9391.27000}}"
xtb-7fbf86d5f7-wp4x9 xtb time="2020-06-14T15:56:52Z" level=debug msg="received message" address="wss://ws.xapi.pro/demoStream" message="{\"command\":\"tradeStatus\",\"data\":{\"order\":207262733,\"requestStatus\":3,\"message\":null,\"customComment\":null,\"price\":9391.27000}}"
